This is pdfTeX, Version 3.14159265-2.6-1.40.20 (MiKTeX 2.9.7000 64-bit) (preloaded format=pdflatex 2019.4.21)  21 MAR 2020 13:37
entering extended mode
**./AlgoBio.tex
(AlgoBio.tex
LaTeX2e <2018-12-01>
("C:\Program Files\MiKTeX 2.9\tex/latex/base\article.cls"
Document Class: article 2018/09/03 v1.4i Standard LaTeX document class
("C:\Program Files\MiKTeX 2.9\tex/latex/base\size11.clo"
File: size11.clo 2018/09/03 v1.4i Standard LaTeX file (size option)
)
\c@part=\count80
\c@section=\count81
\c@subsection=\count82
\c@subsubsection=\count83
\c@paragraph=\count84
\c@subparagraph=\count85
\c@figure=\count86
\c@table=\count87
\abovecaptionskip=\skip41
\belowcaptionskip=\skip42
\bibindent=\dimen102
)
("C:\Program Files\MiKTeX 2.9\tex/latex/geometry\geometry.sty"
Package: geometry 2018/04/16 v5.8 Page Geometry

("C:\Program Files\MiKTeX 2.9\tex/latex/graphics\keyval.sty"
Package: keyval 2014/10/28 v1.15 key=value parser (DPC)
\KV@toks@=\toks14
)
("C:\Program Files\MiKTeX 2.9\tex/generic/oberdiek\ifpdf.sty"
Package: ifpdf 2018/09/07 v3.3 Provides the ifpdf switch
)
("C:\Program Files\MiKTeX 2.9\tex/generic/oberdiek\ifvtex.sty"
Package: ifvtex 2016/05/16 v1.6 Detect VTeX and its facilities (HO)
Package ifvtex Info: VTeX not detected.
)
("C:\Program Files\MiKTeX 2.9\tex/generic/ifxetex\ifxetex.sty"
Package: ifxetex 2010/09/12 v0.6 Provides ifxetex conditional
)
\Gm@cnth=\count88
\Gm@cntv=\count89
\c@Gm@tempcnt=\count90
\Gm@bindingoffset=\dimen103
\Gm@wd@mp=\dimen104
\Gm@odd@mp=\dimen105
\Gm@even@mp=\dimen106
\Gm@layoutwidth=\dimen107
\Gm@layoutheight=\dimen108
\Gm@layouthoffset=\dimen109
\Gm@layoutvoffset=\dimen110
\Gm@dimlist=\toks15

("C:\Program Files\MiKTeX 2.9\tex/latex/geometry\geometry.cfg"))
("C:\Program Files\MiKTeX 2.9\tex/latex/amsfonts\amsfonts.sty"
Package: amsfonts 2013/01/14 v3.01 Basic AMSFonts support
\@emptytoks=\toks16
\symAMSa=\mathgroup4
\symAMSb=\mathgroup5
LaTeX Font Info:    Overwriting math alphabet `\mathfrak' in version `bold'
(Font)                  U/euf/m/n --> U/euf/b/n on input line 106.
)
("C:\Program Files\MiKTeX 2.9\tex/latex/amsmath\amsmath.sty"
Package: amsmath 2018/12/01 v2.17b AMS math features
\@mathmargin=\skip43

For additional information on amsmath, use the `?' option.
("C:\Program Files\MiKTeX 2.9\tex/latex/amsmath\amstext.sty"
Package: amstext 2000/06/29 v2.01 AMS text

("C:\Program Files\MiKTeX 2.9\tex/latex/amsmath\amsgen.sty"
File: amsgen.sty 1999/11/30 v2.0 generic functions
\@emptytoks=\toks17
\ex@=\dimen111
))
("C:\Program Files\MiKTeX 2.9\tex/latex/amsmath\amsbsy.sty"
Package: amsbsy 1999/11/29 v1.2d Bold Symbols
\pmbraise@=\dimen112
)
("C:\Program Files\MiKTeX 2.9\tex/latex/amsmath\amsopn.sty"
Package: amsopn 2016/03/08 v2.02 operator names
)
\inf@bad=\count91
LaTeX Info: Redefining \frac on input line 223.
\uproot@=\count92
\leftroot@=\count93
LaTeX Info: Redefining \overline on input line 385.
\classnum@=\count94
\DOTSCASE@=\count95
LaTeX Info: Redefining \ldots on input line 482.
LaTeX Info: Redefining \dots on input line 485.
LaTeX Info: Redefining \cdots on input line 606.
\Mathstrutbox@=\box27
\strutbox@=\box28
\big@size=\dimen113
LaTeX Font Info:    Redeclaring font encoding OML on input line 729.
LaTeX Font Info:    Redeclaring font encoding OMS on input line 730.
\macc@depth=\count96
\c@MaxMatrixCols=\count97
\dotsspace@=\muskip10
\c@parentequation=\count98
\dspbrk@lvl=\count99
\tag@help=\toks18
\row@=\count100
\column@=\count101
\maxfields@=\count102
\andhelp@=\toks19
\eqnshift@=\dimen114
\alignsep@=\dimen115
\tagshift@=\dimen116
\tagwidth@=\dimen117
\totwidth@=\dimen118
\lineht@=\dimen119
\@envbody=\toks20
\multlinegap=\skip44
\multlinetaggap=\skip45
\mathdisplay@stack=\toks21
LaTeX Info: Redefining \[ on input line 2844.
LaTeX Info: Redefining \] on input line 2845.
)
("C:\Program Files\MiKTeX 2.9\tex/latex/amsfonts\amssymb.sty"
Package: amssymb 2013/01/14 v3.01 AMS font symbols
)
("C:\Program Files\MiKTeX 2.9\tex/latex/hyphenat\hyphenat.sty"
Package: hyphenat 2009/09/02 v2.3c hyphenation utilities
\langwohyphens=\language76
LaTeX Info: Redefining \_ on input line 43.
)
("C:\Program Files\MiKTeX 2.9\tex/latex/fancyhdr\fancyhdr.sty"
Package: fancyhdr 2019/01/31 v3.10 Extensive control of page headers and footer
s
\f@nch@headwidth=\skip46
\f@nch@O@elh=\skip47
\f@nch@O@erh=\skip48
\f@nch@O@olh=\skip49
\f@nch@O@orh=\skip50
\f@nch@O@elf=\skip51
\f@nch@O@erf=\skip52
\f@nch@O@olf=\skip53
\f@nch@O@orf=\skip54
)
("C:\Program Files\MiKTeX 2.9\tex/latex/graphics\graphicx.sty"
Package: graphicx 2017/06/01 v1.1a Enhanced LaTeX Graphics (DPC,SPQR)

("C:\Program Files\MiKTeX 2.9\tex/latex/graphics\graphics.sty"
Package: graphics 2017/06/25 v1.2c Standard LaTeX Graphics (DPC,SPQR)

("C:\Program Files\MiKTeX 2.9\tex/latex/graphics\trig.sty"
Package: trig 2016/01/03 v1.10 sin cos tan (DPC)
)
("C:\Program Files\MiKTeX 2.9\tex/latex/graphics-cfg\graphics.cfg"
File: graphics.cfg 2016/06/04 v1.11 sample graphics configuration
)
Package graphics Info: Driver file: pdftex.def on input line 99.

("C:\Program Files\MiKTeX 2.9\tex/latex/graphics-def\pdftex.def"
File: pdftex.def 2018/01/08 v1.0l Graphics/color driver for pdftex
))
\Gin@req@height=\dimen120
\Gin@req@width=\dimen121
)
("C:\Program Files\MiKTeX 2.9\tex/latex/float\float.sty"
Package: float 2001/11/08 v1.3d Float enhancements (AL)
\c@float@type=\count103
\float@exts=\toks22
\float@box=\box29
\@float@everytoks=\toks23
\@floatcapt=\box30
)
("C:\Program Files\MiKTeX 2.9\tex/latex/tocbibind\tocbibind.sty"
Package: tocbibind 2010/10/13 v1.5k extra ToC listings
Package tocbibind Info: The document has section divisions on input line 50.


Package tocbibind Note: Using section or other style headings.

) ("C:\Program Files\MiKTeX 2.9\tex/latex/apacite\apacite.sty"
Package: apacite 2013/07/21 v6.03 APA citation
\c@BibCnt=\count104
\bibleftmargin=\skip55
\bibindent=\skip56
\bibparsep=\skip57
\bibitemsep=\skip58
\biblabelsep=\skip59
)
("C:\Program Files\MiKTeX 2.9\tex/latex/footmisc\footmisc.sty"
Package: footmisc 2011/06/06 v5.5b a miscellany of footnote facilities
\FN@temptoken=\toks24
\footnotemargin=\dimen122
\c@pp@next@reset=\count105
Package footmisc Info: Declaring symbol style bringhurst on input line 855.
Package footmisc Info: Declaring symbol style chicago on input line 863.
Package footmisc Info: Declaring symbol style wiley on input line 872.
Package footmisc Info: Declaring symbol style lamport-robust on input line 883.

Package footmisc Info: Declaring symbol style lamport* on input line 903.
Package footmisc Info: Declaring symbol style lamport*-robust on input line 924
.
)
("C:\Program Files\MiKTeX 2.9\tex/generic/babel\babel.sty"
Package: babel 2019/04/03 3.29 The Babel package

("C:\Program Files\MiKTeX 2.9\tex/generic/babel\switch.def"
File: switch.def 2019/04/03 3.29 Babel switching mechanism
)
*************************************
* Local config file bblopts.cfg used
*
("C:\Program Files\MiKTeX 2.9\tex/latex/arabi\bblopts.cfg"
File: bblopts.cfg 2005/09/08 v0.1 add Arabic and Farsi to "declared" options of
 babel
)
("C:\Program Files\MiKTeX 2.9\tex/latex/babel-italian\italian.ldf"
Language: italian 2019/01/05 v.1.4.01 Italian support for the babel system

("C:\Program Files\MiKTeX 2.9\tex/generic/babel\babel.def"
File: babel.def 2019/04/03 3.29 Babel common definitions
\babel@savecnt=\count106
\U@D=\dimen123

("C:\Program Files\MiKTeX 2.9\tex/generic/babel\txtbabel.def")
\bbl@dirlevel=\count107
)
\it@lettering=\count108
\it@doublequoteactive=\count109
\it@ISOcompliance=\count110
))
("C:\Program Files\MiKTeX 2.9\tex/latex/etoolbox\etoolbox.sty"
Package: etoolbox 2018/08/19 v2.5f e-TeX tools for LaTeX (JAW)
\etb@tempcnta=\count111
)
No file AlgoBio.aux.
\openout1 = `AlgoBio.aux'.

LaTeX Font Info:    Checking defaults for OML/cmm/m/it on input line 26.
LaTeX Font Info:    ... okay on input line 26.
LaTeX Font Info:    Checking defaults for T1/cmr/m/n on input line 26.
LaTeX Font Info:    ... okay on input line 26.
LaTeX Font Info:    Checking defaults for OT1/cmr/m/n on input line 26.
LaTeX Font Info:    ... okay on input line 26.
LaTeX Font Info:    Checking defaults for OMS/cmsy/m/n on input line 26.
LaTeX Font Info:    ... okay on input line 26.
LaTeX Font Info:    Checking defaults for OMX/cmex/m/n on input line 26.
LaTeX Font Info:    ... okay on input line 26.
LaTeX Font Info:    Checking defaults for U/cmr/m/n on input line 26.
LaTeX Font Info:    ... okay on input line 26.
*geometry* driver: auto-detecting
*geometry* detected driver: pdftex
*geometry* verbose mode - [ preamble ] result:
* driver: pdftex
* paper: <default>
* layout: <same size as paper>
* layoutoffset:(h,v)=(0.0pt,0.0pt)
* modes: 
* h-part:(L,W,R)=(72.26999pt, 469.75502pt, 72.26999pt)
* v-part:(T,H,B)=(72.26999pt, 650.43001pt, 72.26999pt)
* \paperwidth=614.295pt
* \paperheight=794.96999pt
* \textwidth=469.75502pt
* \textheight=650.43001pt
* \oddsidemargin=0.0pt
* \evensidemargin=0.0pt
* \topmargin=-37.0pt
* \headheight=12.0pt
* \headsep=25.0pt
* \topskip=11.0pt
* \footskip=30.0pt
* \marginparwidth=59.0pt
* \marginparsep=10.0pt
* \columnsep=10.0pt
* \skip\footins=10.0pt plus 4.0pt minus 2.0pt
* \hoffset=0.0pt
* \voffset=0.0pt
* \mag=1000
* \@twocolumnfalse
* \@twosidefalse
* \@mparswitchfalse
* \@reversemarginfalse
* (1in=72.27pt=25.4mm, 1cm=28.453pt)

("C:\Program Files\MiKTeX 2.9\tex/context/base/mkii\supp-pdf.mkii"
[Loading MPS to PDF converter (version 2006.09.02).]
\scratchcounter=\count112
\scratchdimen=\dimen124
\scratchbox=\box31
\nofMPsegments=\count113
\nofMParguments=\count114
\everyMPshowfont=\toks25
\MPscratchCnt=\count115
\MPscratchDim=\dimen125
\MPnumerator=\count116
\makeMPintoPDFobject=\count117
\everyMPtoPDFconversion=\toks26
) ("C:\Program Files\MiKTeX 2.9\tex/latex/oberdiek\epstopdf-base.sty"
Package: epstopdf-base 2016/05/15 v2.6 Base part for package epstopdf

("C:\Program Files\MiKTeX 2.9\tex/generic/oberdiek\infwarerr.sty"
Package: infwarerr 2016/05/16 v1.4 Providing info/warning/error messages (HO)
)
("C:\Program Files\MiKTeX 2.9\tex/latex/oberdiek\grfext.sty"
Package: grfext 2016/05/16 v1.2 Manage graphics extensions (HO)

("C:\Program Files\MiKTeX 2.9\tex/generic/oberdiek\kvdefinekeys.sty"
Package: kvdefinekeys 2016/05/16 v1.4 Define keys (HO)

("C:\Program Files\MiKTeX 2.9\tex/generic/oberdiek\ltxcmds.sty"
Package: ltxcmds 2016/05/16 v1.23 LaTeX kernel commands for general use (HO)
)))
("C:\Program Files\MiKTeX 2.9\tex/latex/oberdiek\kvoptions.sty"
Package: kvoptions 2016/05/16 v3.12 Key value format for package options (HO)

("C:\Program Files\MiKTeX 2.9\tex/generic/oberdiek\kvsetkeys.sty"
Package: kvsetkeys 2016/05/16 v1.17 Key value parser (HO)

("C:\Program Files\MiKTeX 2.9\tex/generic/oberdiek\etexcmds.sty"
Package: etexcmds 2016/05/16 v1.6 Avoid name clashes with e-TeX commands (HO)

("C:\Program Files\MiKTeX 2.9\tex/generic/oberdiek\ifluatex.sty"
Package: ifluatex 2016/05/16 v1.4 Provides the ifluatex switch (HO)
Package ifluatex Info: LuaTeX not detected.
))))
("C:\Program Files\MiKTeX 2.9\tex/generic/oberdiek\pdftexcmds.sty"
Package: pdftexcmds 2018/09/10 v0.29 Utility functions of pdfTeX for LuaTeX (HO
)
Package pdftexcmds Info: LuaTeX not detected.
Package pdftexcmds Info: \pdf@primitive is available.
Package pdftexcmds Info: \pdf@ifprimitive is available.
Package pdftexcmds Info: \pdfdraftmode found.
)
Package epstopdf-base Info: Redefining graphics rule for `.eps' on input line 4
38.
Package grfext Info: Graphics extension search list:
(grfext)             [.pdf,.png,.jpg,.mps,.jpeg,.jbig2,.jb2,.PDF,.PNG,.JPG,.JPE
G,.JBIG2,.JB2,.eps]
(grfext)             \AppendGraphicsExtensions on input line 456.
)
\c@maskedRefs=\count118


Package apacite Warning: No suitable language definition file (italian.apc) fou
nd.

LaTeX Info: Redefining \it@ocap on input line 26.
LaTeX Info: Redefining \it@ccap on input line 26.

File italian.ldf warning: 
italian.ldf    With OT1 encoding guillemets are poorly faked
italian.ldf    Use T1 encoding
italian.ldf    or specify a font with command \CaporaliFrom
italian.ldf    See the documentation concerning the babel-italian typesetting 
italian.ldf    on input line 26.

<uni.png, id=1, 943.525pt x 949.5475pt>
File: uni.png Graphic file (type png)
<use uni.png>
Package pdftex.def Info: uni.png  used on input line 34.
(pdftex.def)             Requested size: 188.70164pt x 189.90613pt.

Overfull \hbox (0.24498pt too wide) in paragraph at lines 37--37
 | 
 []

[1

{C:/Users/Maurizio/AppData/Local/MiKTeX/2.9/pdftex/config/pdftex.map} <./uni.pn
g>] [1]
No file AlgoBio.toc.
\tf@toc=\write3
\openout3 = `AlgoBio.toc'.

[1]
LaTeX Font Info:    Try loading font information for U+msa on input line 76.
 ("C:\Program Files\MiKTeX 2.9\tex/latex/amsfonts\umsa.fd"
File: umsa.fd 2013/01/14 v3.01 AMS symbols A
)
LaTeX Font Info:    Try loading font information for U+msb on input line 76.

("C:\Program Files\MiKTeX 2.9\tex/latex/amsfonts\umsb.fd"
File: umsb.fd 2013/01/14 v3.01 AMS symbols B
)
<woo.png, id=19, 853.1875pt x 540.0175pt>
File: woo.png Graphic file (type png)
<use woo.png>
Package pdftex.def Info: woo.png  used on input line 81.
(pdftex.def)             Requested size: 392.47102pt x 248.41106pt.

Underfull \hbox (badness 10000) in paragraph at lines 99--101

 []


Package Fancyhdr Warning: \headheight is too small (12.0pt): 
Make it at least 13.59999pt.
We now make it that large for the rest of the document.
This may cause the page layout to be inconsistent, however.

[2

 <./woo.png>]
Overfull \hbox (0.39598pt too wide) in paragraph at lines 108--109
\OT1/cmr/m/n/10.95 fun-zio-na-li. Ideal-men-te, i mo-du-li to-po-lo-gi-ci e fun
-zio-na-li coin-ci-de-reb-be-ro; in pra-ti-ca, es-si co-sti-tui-sco-no
 []


Underfull \hbox (badness 10000) in paragraph at lines 108--109

 []

[3]
LaTeX Font Info:    Try loading font information for OMS+cmr on input line 119.

 ("C:\Program Files\MiKTeX 2.9\tex/latex/base\omscmr.fd"
File: omscmr.fd 2014/09/29 v2.5h Standard LaTeX font definitions
)
LaTeX Font Info:    Font shape `OMS/cmr/m/n' in size <10.95> not available
(Font)              Font shape `OMS/cmsy/m/n' tried instead on input line 119.
<interact.jpg, id=35, 604.2575pt x 280.04625pt>
File: interact.jpg Graphic file (type jpg)
<use interact.jpg>
Package pdftex.def Info: interact.jpg  used on input line 138.
(pdftex.def)             Requested size: 404.85042pt x 187.62999pt.
 [4 <./interact.jpg>]
<grafo.png, id=40, 401.5pt x 374.39874pt>
File: grafo.png Graphic file (type png)
<use grafo.png>
Package pdftex.def Info: grafo.png  used on input line 152.
(pdftex.def)             Requested size: 200.7495pt x 187.19891pt.
 [5 <./grafo.png>]
<graffo.png, id=46, 702.625pt x 408.52625pt>
File: graffo.png Graphic file (type png)
<use graffo.png>
Package pdftex.def Info: graffo.png  used on input line 165.
(pdftex.def)             Requested size: 351.31163pt x 204.26262pt.
 [6 <./graffo.png>]
<grafffo.png, id=51, 401.5pt x 321.2pt>
File: grafffo.png Graphic file (type png)
<use grafffo.png>
Package pdftex.def Info: grafffo.png  used on input line 202.
(pdftex.def)             Requested size: 281.04808pt x 224.83847pt.
 [7 <./grafffo.png>]
Underfull \hbox (badness 10000) in paragraph at lines 225--226

 []

[8]
<ppin.png, id=60, 702.625pt x 509.905pt>
File: ppin.png Graphic file (type png)
<use ppin.png>
Package pdftex.def Info: ppin.png  used on input line 241.
(pdftex.def)             Requested size: 302.12285pt x 219.25487pt.
<ca.png, id=61, 501.875pt x 501.875pt>
File: ca.png Graphic file (type png)
<use ca.png>
Package pdftex.def Info: ca.png  used on input line 251.
(pdftex.def)             Requested size: 200.74643pt x 200.74643pt.
 [9 <./ppin.png> <./ca.png>]
<ng.png, id=67, 602.25pt x 410.53375pt>
File: ng.png Graphic file (type png)
<use ng.png>
Package pdftex.def Info: ng.png  used on input line 277.
(pdftex.def)             Requested size: 361.35278pt x 246.32214pt.
 [10 <./ng.png>]
Overfull \hbox (1.22668pt too wide) in paragraph at lines 285--287
[]\OT1/cmr/bx/it/10.95 Algoritmo MCO-DE\OT1/cmr/m/n/10.95 : Que-sto me-to-do e
 sta-to ap-po-si-ta-men-te svi-lup-pa-to per tro-va-re com-ples-si
 []

[11]
<tab1.jpg, id=76, 829.59938pt x 161.85469pt>
File: tab1.jpg Graphic file (type jpg)
<use tab1.jpg>
Package pdftex.def Info: tab1.jpg  used on input line 314.
(pdftex.def)             Requested size: 439.68558pt x 85.78256pt.

Underfull \hbox (badness 10000) in paragraph at lines 326--327

 []

[12 <./tab1.jpg>]
<delta.jpg, id=81, 769.37437pt x 664.73344pt>
File: delta.jpg Graphic file (type jpg)
<use delta.jpg>
Package pdftex.def Info: delta.jpg  used on input line 332.
(pdftex.def)             Requested size: 307.7443pt x 265.88867pt.

Overfull \hbox (0.29076pt too wide) in paragraph at lines 337--338
\OT1/cmr/m/n/10.95 grup-pi di no-di che con-di-vi-do-no sia le pro-prieta to-p
o-lo-gi-che $(\OML/cmm/m/it/10.95 V; E\OT1/cmr/m/n/10.95 )$, sia quel-le fun-zi
o-na-li $(\OML/cmm/m/it/10.95 T\OT1/cmr/m/n/10.95 )$. L'out-put
 []

[13 <./delta.jpg>]
<algMTGO.jpg, id=86, 1165.35374pt x 607.51968pt>
File: algMTGO.jpg Graphic file (type jpg)
<use algMTGO.jpg>
Package pdftex.def Info: algMTGO.jpg  used on input line 367.
(pdftex.def)             Requested size: 466.13324pt x 243.00356pt.
<MTGO2.jpg, id=87, 649.67719pt x 702.37407pt>
File: MTGO2.jpg Graphic file (type jpg)
<use MTGO2.jpg>
Package pdftex.def Info: MTGO2.jpg  used on input line 376.
(pdftex.def)             Requested size: 389.80931pt x 421.42769pt.
 [14 <./algMTGO.jpg>]
<deltaa.jpg, id=91, 695.59875pt x 234.1247pt>
File: deltaa.jpg Graphic file (type jpg)
<use deltaa.jpg>
Package pdftex.def Info: deltaa.jpg  used on input line 385.
(pdftex.def)             Requested size: 445.18169pt x 149.83928pt.
 [15 <./MTGO2.jpg>] [16 <./deltaa.jpg>]
Overfull \hbox (4.98895pt too wide) in paragraph at lines 411--412
\OT1/cmr/m/n/10.95 in-di-vi-dua-ti con que-sti al-li-nea-men-ti so-no piu gran
-di e piu va-ri di quel-li pro-dot-ti dai me-to-di pre-ce-den-ti).
 []


Overfull \hbox (1.64308pt too wide) in paragraph at lines 411--412
\OT1/cmr/m/n/10.95 Me-to-di pre-ce-den-ti han-no di-mo-stra-to la lo-ro ef-fi-c
a-cia nel-l'i-den-ti-fi-ca-re pat-tern lo-ca-liz-za-ti con-fron-tan-do
 []

[17]
<isorank.jpg, id=104, 1284.8pt x 548.0475pt>
File: isorank.jpg Graphic file (type jpg)
<use isorank.jpg>
Package pdftex.def Info: isorank.jpg  used on input line 436.
(pdftex.def)             Requested size: 462.52765pt x 197.29695pt.
 [18 <./isorank.jpg>] [19] [20] (AlgoBio.aux) ) 
Here is how much of TeX's memory you used:
 4707 strings out of 492945
 61961 string characters out of 3135504
 154152 words of memory out of 3000000
 8492 multiletter control sequences out of 15000+200000
 18162 words of font info for 66 fonts, out of 3000000 for 9000
 1141 hyphenation exceptions out of 8191
 41i,11n,43p,1921b,331s stack positions out of 5000i,500n,10000p,200000b,50000s
<C:/Program Files/MiKTeX 2.9/fon
ts/type1/public/amsfonts/cm/cmbx10.pfb><C:/Program Files/MiKTeX 2.9/fonts/type1
/public/amsfonts/cm/cmbx12.pfb><C:/Program Files/MiKTeX 2.9/fonts/type1/public/
amsfonts/cm/cmbx9.pfb><C:/Program Files/MiKTeX 2.9/fonts/type1/public/amsfonts/
cm/cmbxti10.pfb><C:/Program Files/MiKTeX 2.9/fonts/type1/public/amsfonts/cm/cme
x10.pfb><C:/Program Files/MiKTeX 2.9/fonts/type1/public/amsfonts/cm/cmmi10.pfb>
<C:/Program Files/MiKTeX 2.9/fonts/type1/public/amsfonts/cm/cmmi6.pfb><C:/Progr
am Files/MiKTeX 2.9/fonts/type1/public/amsfonts/cm/cmmi8.pfb><C:/Program Files/
MiKTeX 2.9/fonts/type1/public/amsfonts/cm/cmmi9.pfb><C:/Program Files/MiKTeX 2.
9/fonts/type1/public/amsfonts/cm/cmr10.pfb><C:/Program Files/MiKTeX 2.9/fonts/t
ype1/public/amsfonts/cm/cmr12.pfb><C:/Program Files/MiKTeX 2.9/fonts/type1/publ
ic/amsfonts/cm/cmr6.pfb><C:/Program Files/MiKTeX 2.9/fonts/type1/public/amsfont
s/cm/cmr8.pfb><C:/Program Files/MiKTeX 2.9/fonts/type1/public/amsfonts/cm/cmr9.
pfb><C:/Program Files/MiKTeX 2.9/fonts/type1/public/amsfonts/cm/cmsl10.pfb><C:/
Program Files/MiKTeX 2.9/fonts/type1/public/amsfonts/cm/cmsy10.pfb><C:/Program 
Files/MiKTeX 2.9/fonts/type1/public/amsfonts/cm/cmsy8.pfb><C:/Program Files/MiK
TeX 2.9/fonts/type1/public/amsfonts/cm/cmti10.pfb><C:/Program Files/MiKTeX 2.9/
fonts/type1/public/amsfonts/cm/cmti12.pfb><C:/Program Files/MiKTeX 2.9/fonts/ty
pe1/public/amsfonts/cm/cmti9.pfb>
Output written on AlgoBio.pdf (22 pages, 2271139 bytes).
PDF statistics:
 177 PDF objects out of 1000 (max. 8388607)
 0 named destinations out of 1000 (max. 500000)
 76 words of extra memory for PDF output out of 10000 (max. 10000000)

